[2025-07-23 11:29:02] Starting FIXED RIDGE Polynomial Regression CNN Execution Time Prediction Training
[2025-07-23 11:29:02] Loading data from combined.csv
[2025-07-23 11:29:02] Data loaded successfully. Shape: (77000, 9)
[2025-07-23 11:29:02] Original target variable statistics:
[2025-07-23 11:29:02]   Min: 0.4120
[2025-07-23 11:29:02]   Max: 3194.3893
[2025-07-23 11:29:02]   Mean: 50.2547
[2025-07-23 11:29:02]   Std: 145.4140
[2025-07-23 11:29:02] 🔧 APPLYING LOG TRANSFORMATION to target variable
[2025-07-23 11:29:02] Log-transformed target statistics:
[2025-07-23 11:29:02]   Min: 0.3450
[2025-07-23 11:29:02]   Max: 8.0695
[2025-07-23 11:29:02]   Mean: 2.9474
[2025-07-23 11:29:02]   Std: 1.2665
[2025-07-23 11:29:02] Scaling numerical features: ['Batch_Size', 'Input_Size', 'In_Channels', 'Out_Channels', 'Kernel_Size', 'Stride', 'Padding']
[2025-07-23 11:29:02] 🔧 SCALING LOG-TRANSFORMED TARGET variable
[2025-07-23 11:29:02] Features: 9
[2025-07-23 11:29:02] Feature columns: ['Batch_Size', 'Input_Size', 'In_Channels', 'Out_Channels', 'Kernel_Size', 'Stride', 'Padding', 'Algorithm_direct', 'Algorithm_smm']
[2025-07-23 11:29:02] Data preprocessing complete. Features shape: (77000, 9), Target shape: (77000,)
[2025-07-23 11:29:02] Training FIXED RIDGE Polynomial Regression with 5-Fold Cross Validation
[2025-07-23 11:29:02] Total samples: 77000
[2025-07-23 11:29:02] Features: 9
[2025-07-23 11:29:02] 🔧 EXPANDING ALPHA RANGE for better regularization tuning
[2025-07-23 11:29:02] 
============================================================
[2025-07-23 11:29:02] 🔢 TRAINING FIXED RIDGE POLYNOMIAL REGRESSION
[2025-07-23 11:29:02] ============================================================
[2025-07-23 11:29:02] 
🔢 RIDGE - FOLD 1
[2025-07-23 11:29:02] ----------------------------------------
[2025-07-23 11:29:02] Training samples: 61600
[2025-07-23 11:29:02] Validation samples: 15400
[2025-07-23 11:29:02] Running hyperparameter search...
Fitting 3 folds for each of 5 candidates, totalling 15 fits
[2025-07-23 11:29:14] ✅ Training complete in 12.4 seconds
[2025-07-23 11:29:14] Best parameters: {'polynomialfeatures__degree': 3, 'ridge__alpha': 1.0}
[2025-07-23 11:29:14] Best CV score (neg MSE): -25.6563
[2025-07-23 11:29:14] 📊 Generating validation curve (MAE vs Alpha)...
[2025-07-23 11:29:14] Debug - Sample Inverse Transform: Pred Scaled: [ 0.00788201 -0.99962536 -0.02898919 -0.20136339 -0.20136339], Pred Log: [2.95742494 1.68138388 2.91072636 2.6924088  2.6924088 ], Pred Original: [18.24834231  4.37298639 17.37013711 13.76720435 13.76720435]
[2025-07-23 11:29:15] Debug - Sample Inverse Transform: Pred Scaled: [ 0.00788637 -0.9996171  -0.02898461 -0.20136675 -0.20136675], Pred Log: [2.95743047 1.68139434 2.91073217 2.69240454 2.69240454], Pred Original: [18.24844865  4.37304261 17.37024374 13.76714145 13.76714145]
[2025-07-23 11:29:15] Debug - Sample Inverse Transform: Pred Scaled: [ 0.53441092 -0.62355352 -0.62547442 -0.62355352 -0.62355352], Pred Log: [3.62429105 2.15769118 2.1552583  2.15769118 2.15769118], Pred Original: [36.49812926  7.65114068  7.63011906  7.65114068  7.65114068]
[2025-07-23 11:29:15] Debug - Sample Inverse Transform: Pred Scaled: [ 0.00788157 -0.99962619 -0.02898965 -0.20136305 -0.20136305], Pred Log: [2.95742439 1.68138283 2.91072578 2.69240923 2.69240923], Pred Original: [18.24833167  4.37298077 17.37012645 13.76721064 13.76721064]
[2025-07-23 11:29:15] Debug - Sample Inverse Transform: Pred Scaled: [ 0.00792998 -0.9995345  -0.02893879 -0.20140037 -0.20140037], Pred Log: [2.95748569 1.68149896 2.9107902  2.69236196 2.69236196], Pred Original: [18.24951167  4.37360477 17.3713098  13.76651263 13.76651263]
[2025-07-23 11:29:15] Debug - Sample Inverse Transform: Pred Scaled: [ 0.53440729 -0.62355441 -0.62547609 -0.62355441 -0.62355441], Pred Log: [3.62428644 2.15769005 2.15525617 2.15769005 2.15769005], Pred Original: [36.49795649  7.65113087  7.63010071  7.65113087  7.65113087]
[2025-07-23 11:29:15] Debug - Sample Inverse Transform: Pred Scaled: [ 0.00836407 -0.9987099  -0.02848165 -0.20173571 -0.20173571], Pred Log: [2.95803549 1.68254334 2.91136918 2.69193724 2.69193724], Pred Original: [18.26009798  4.37921977 17.38194956 13.76024242 13.76024242]
[2025-07-23 11:29:15] Debug - Sample Inverse Transform: Pred Scaled: [ 0.53437091 -0.62356336 -0.62549288 -0.62356336 -0.62356336], Pred Log: [3.62424036 2.15767871 2.15523491 2.15767871 2.15767871], Pred Original: [36.49622884  7.65103278  7.62991721  7.65103278  7.65103278]
[2025-07-23 11:29:15] Debug - Sample Inverse Transform: Pred Scaled: [ 0.53441129 -0.62355343 -0.62547425 -0.62355343 -0.62355343], Pred Log: [3.62429151 2.1576913  2.15525851 2.1576913  2.1576913 ], Pred Original: [36.49814654  7.65114166  7.6301209   7.65114166  7.65114166]
[2025-07-23 11:29:15] Debug - Sample Inverse Transform: Pred Scaled: [ 0.53400711 -0.62365246 -0.62566012 -0.62365246 -0.62365246], Pred Log: [3.62377961 2.15756587 2.1550231  2.15756587 2.15756587], Pred Original: [36.47895612  7.65005661  7.62808947  7.65005661  7.65005661]
[2025-07-23 11:29:15] Debug - Sample Inverse Transform: Pred Scaled: [1.68684884 0.20715041 0.29196398 0.20715041 0.20715041], Pred Log: [5.08389138 3.2098049  3.31722406 3.2098049  3.2098049 ], Pred Original: [160.40090739  23.7742522   26.58367352  23.7742522   23.7742522 ]
[2025-07-23 11:29:15] Debug - Sample Inverse Transform: Pred Scaled: [0.54964317 0.09360917 0.90979707 0.70971581 0.70971581], Pred Log: [3.64358318 3.0660012  4.09972988 3.84632042 3.84632042], Pred Original: [37.22857135 20.45593281 59.32399081 45.82046612 45.82046612]
[2025-07-23 11:29:15] Debug - Sample Inverse Transform: Pred Scaled: [1.68684385 0.20715173 0.29196467 0.20715173 0.20715173], Pred Log: [5.08388506 3.20980657 3.31722493 3.20980657 3.20980657], Pred Original: [160.39988789  23.77429365  26.58369766  23.77429365  23.77429365]
[2025-07-23 11:29:15] Debug - Sample Inverse Transform: Pred Scaled: [1.68684934 0.20715028 0.29196391 0.20715028 0.20715028], Pred Log: [5.08389201 3.20980473 3.31722397 3.20980473 3.20980473], Pred Original: [160.40100934  23.77424806  26.5836711   23.77424806  23.77424806]
[2025-07-23 11:29:15] Debug - Sample Inverse Transform: Pred Scaled: [0.54964533 0.09361491 0.90979962 0.70971779 0.70971779], Pred Log: [3.64358592 3.06600847 4.09973312 3.84632292 3.84632292], Pred Original: [37.22867603 20.45608887 59.32418588 45.82058347 45.82058347]
[2025-07-23 11:29:15] Debug - Sample Inverse Transform: Pred Scaled: [1.68679398 0.20716494 0.29197159 0.20716494 0.20716494], Pred Log: [5.0838219  3.2098233  3.31723369 3.2098233  3.2098233 ], Pred Original: [160.38969392  23.77470813  26.58393912  23.77470813  23.77470813]
[2025-07-23 11:29:15] Debug - Sample Inverse Transform: Pred Scaled: [0.54964295 0.09360859 0.90979681 0.70971561 0.70971561], Pred Log: [3.6435829  3.06600047 4.09972956 3.84632017 3.84632017], Pred Original: [37.22856088 20.45591721 59.3239713  45.82045438 45.82045438]
[2025-07-23 11:29:15] Debug - Sample Inverse Transform: Pred Scaled: [-1.07598395 -0.81303617 -1.07598395 -0.5668122   0.25800327], Pred Log: [1.58467323 1.9177052  1.58467323 2.22955591 3.27421171], Pred Original: [ 3.87769723  5.80532366  3.87769723  8.29573706 25.42238869]
[2025-07-23 11:29:15] Debug - Sample Inverse Transform: Pred Scaled: [1.68629562 0.20729697 0.29204079 0.20729697 0.20729697], Pred Log: [5.08319071 3.20999051 3.31732134 3.20999051 3.20999051], Pred Original: [160.28785933  23.77885108  26.5863571   23.77885108  23.77885108]
[2025-07-23 11:29:15] Debug - Sample Inverse Transform: Pred Scaled: [0.54966694 0.09367233 0.90982515 0.70973757 0.70973757], Pred Log: [3.64361329 3.0660812  4.09976545 3.84634798 3.84634798], Pred Original: [37.2297226  20.45764937 59.32613621 45.82175682 45.82175682]
[2025-07-23 11:29:15] Debug - Sample Inverse Transform: Pred Scaled: [-1.07598396 -0.81303627 -1.07598396 -0.56681198  0.25800321], Pred Log: [1.58467322 1.91770507 1.58467322 2.22955619 3.27421163], Pred Original: [ 3.8776972   5.80532282  3.8776972   8.29573966 25.42238663]
[2025-07-23 11:29:15] Debug - Sample Inverse Transform: Pred Scaled: [ 0.47346474 -0.4926306   0.33112629  0.38349234  0.38349234], Pred Log: [3.54710071 2.32350934 3.3668244  3.43314772 3.43314772], Pred Original: [33.71252967  9.21144698 27.98633176 29.97398688 29.97398688]
[2025-07-23 11:29:15] Debug - Sample Inverse Transform: Pred Scaled: [0.54988262 0.09424598 0.91007997 0.7099352  0.7099352 ], Pred Log: [3.64388646 3.06680774 4.10008819 3.84659828 3.84659828], Pred Original: [37.24016716 20.473245   59.34560921 45.83347755 45.83347755]
[2025-07-23 11:29:15] Debug - Sample Inverse Transform: Pred Scaled: [ 0.473465   -0.49263014  0.33112657  0.38349243  0.38349243], Pred Log: [3.54710103 2.32350993 3.36682476 3.43314783 3.43314783], Pred Original: [33.71254099  9.21145296 27.98634228 29.97399039 29.97399039]
[2025-07-23 11:29:15] Debug - Sample Inverse Transform: Pred Scaled: [-1.075984   -0.81303724 -1.075984   -0.56680977  0.2580026 ], Pred Log: [1.58467317 1.91770384 1.58467317 2.22955899 3.27421085], Pred Original: [ 3.87769693  5.80531446  3.87769693  8.29576568 25.42236606]
[2025-07-23 11:29:15] Debug - Sample Inverse Transform: Pred Scaled: [-1.07598444 -0.81304694 -1.07598444 -0.56678767  0.25799645], Pred Log: [1.58467261 1.91769156 1.58467261 2.22958698 3.27420307], Pred Original: [ 3.87769423  5.80523083  3.87769423  8.29602588 25.42216035]
[2025-07-23 11:29:15] Debug - Sample Inverse Transform: Pred Scaled: [-1.07598869 -0.81314361 -1.07598869 -0.56656689  0.25793503], Pred Log: [1.58466723 1.91756913 1.58466723 2.22986661 3.27412528], Pred Original: [ 3.87766796  5.80439774  3.87766796  8.29862564 25.42010517]
[2025-07-23 11:29:15] Debug - Sample Inverse Transform: Pred Scaled: [ 0.47346757 -0.49262551  0.33112944  0.38349333  0.38349333], Pred Log: [3.54710429 2.32351579 3.36682839 3.43314897 3.43314897], Pred Original: [33.71265416  9.21151278 27.98644745 29.9740255  29.9740255 ]
[2025-07-23 11:29:15] Debug - Sample Inverse Transform: Pred Scaled: [ 0.47349331 -0.49257927  0.33115808  0.38350227  0.38350227], Pred Log: [3.54713689 2.32357436 3.36686467 3.4331603  3.4331603 ], Pred Original: [33.71378564  9.21211086 27.98749894 29.97437647 29.97437647]
[2025-07-23 11:29:15] Debug - Sample Inverse Transform: Pred Scaled: [ 0.47374994 -0.49211752  0.3314439   0.38359142  0.38359142], Pred Log: [3.54746193 2.32415918 3.36722667 3.43327321 3.43327321], Pred Original: [33.72507075  9.21808485 27.99799446 29.9778741  29.9778741 ]
[2025-07-23 11:29:16] 📊 Generating learning curve (MAE vs Training Size)...
[2025-07-23 11:29:16] Debug - Sample Inverse Transform: Pred Scaled: [-1.13798855 -0.72880723  0.27178129 -0.08557907 -0.08557907], Pred Log: [1.50614238 2.0243839  3.29166201 2.83905343 2.83905343], Pred Original: [ 3.50930202  6.57144478 25.88751392 16.09957195 16.09957195]
[2025-07-23 11:29:16] Debug - Sample Inverse Transform: Pred Scaled: [ 0.48738763 -0.5034191  -0.58294635 -0.5034191  -0.5034191 ], Pred Log: [3.56473451 2.30984536 2.20912149 2.30984536 2.30984536], Pred Original: [34.33007225  9.07286685  8.10771169  9.07286685  9.07286685]
[2025-07-23 11:29:16] Debug - Sample Inverse Transform: Pred Scaled: [-1.39613904 -0.79205995  0.22666454 -0.14787387 -0.14787387], Pred Log: [1.17918634 1.94427227 3.23452018 2.76015502 2.76015502], Pred Original: [ 2.25172732  5.98854425 24.39418429 14.80229239 14.80229239]
[2025-07-23 11:29:16] Debug - Sample Inverse Transform: Pred Scaled: [ 0.47286783 -0.56530152 -0.63762846 -0.56530152 -0.56530152], Pred Log: [3.5463447  2.23146925 2.13986481 2.23146925 2.23146925], Pred Original: [33.68629661  8.31353994  7.49828865  8.31353994  8.31353994]
[2025-07-23 11:29:16] Debug - Sample Inverse Transform: Pred Scaled: [ 0.25678292 -0.7868941  -0.14394523 -0.2398547  -0.2398547 ], Pred Log: [3.27266609 1.95081499 2.76513077 2.64365829 2.64365829], Pred Original: [25.38158134  6.0344182  14.88111665 13.06456192 13.06456192]
[2025-07-23 11:29:16] Debug - Sample Inverse Transform: Pred Scaled: [ 0.28947678 -0.79968803 -0.22409781 -0.19070818 -0.19070818], Pred Log: [3.31407393 1.93461106 2.66361491 2.70590397 2.70590397], Pred Original: [26.49691822  5.92135154 13.34806248 13.96784099 13.96784099]
[2025-07-23 11:29:16] Debug - Sample Inverse Transform: Pred Scaled: [ 0.49182669 -0.55816955 -0.57692404 -0.55816955 -0.55816955], Pred Log: [3.57035671 2.24050211 2.21674894 2.24050211 2.24050211], Pred Original: [34.52926467  8.39804897  8.17744588  8.39804897  8.39804897]
[2025-07-23 11:29:17] Debug - Sample Inverse Transform: Pred Scaled: [ 0.51266005 -0.5512105  -0.52580298 -0.5512105  -0.5512105 ], Pred Log: [3.59674285 2.24931598 2.28149544 2.24931598 2.24931598], Pred Original: [35.47922247  8.48124824  8.79131176  8.48124824  8.48124824]
[2025-07-23 11:29:17] Debug - Sample Inverse Transform: Pred Scaled: [ 0.33009663 -0.77809452 -0.13467503 -0.13273615 -0.13273615], Pred Log: [3.36552031 1.96195995 2.77687179 2.77932745 2.77932745], Pred Original: [27.94855547  6.113255   15.06867607 15.10818367 15.10818367]
[2025-07-23 11:29:17] Debug - Sample Inverse Transform: Pred Scaled: [ 0.33737455 -0.76438962 -0.08741544 -0.0896164  -0.0896164 ], Pred Log: [3.37473803 1.97931765 2.8367276  2.83394002 2.83394002], Pred Original: [28.21662897  6.23780259 16.05984743 16.01235799 16.01235799]
[2025-07-23 11:29:17] Debug - Sample Inverse Transform: Pred Scaled: [ 0.30906895 -0.75686701 -0.04680201 -0.29771978 -0.29771978], Pred Log: [3.33888806 1.98884528 2.88816584 2.57037028 2.57037028], Pred Original: [27.18776604  6.30709126 16.96033725 12.07066333 12.07066333]
[2025-07-23 11:29:17] Debug - Sample Inverse Transform: Pred Scaled: [ 0.47785857 -0.57678979 -0.4861907  -0.57678979 -0.57678979], Pred Log: [3.55266564 2.21691897 2.33166568 2.21691897 2.21691897], Pred Original: [33.90624096  8.17900644  9.29507557  8.17900644  8.17900644]
[2025-07-23 11:29:17] Debug - Sample Inverse Transform: Pred Scaled: [ 0.49421828 -0.5698108  -0.50054219 -0.5698108  -0.5698108 ], Pred Log: [3.57338575 2.22575809 2.31348906 2.22575809 2.22575809], Pred Original: [34.63704709  8.26050045  9.10963631  8.26050045  8.26050045]
[2025-07-23 11:29:17] Debug - Sample Inverse Transform: Pred Scaled: [ 0.47782657 -0.57889675 -0.47479362 -0.57889675 -0.57889675], Pred Log: [3.55262511 2.21425044 2.34610046 2.21425044 2.21425044], Pred Original: [33.90482648  8.15454465  9.44476043  8.15454465  8.15454465]
[2025-07-23 11:29:17] Debug - Sample Inverse Transform: Pred Scaled: [ 0.32980896 -0.79390079 -0.09283998 -0.20392354 -0.20392354], Pred Log: [3.36515596 1.94194079 2.82985725 2.68916628 2.68916628], Pred Original: [27.93801012  5.97226954 15.943042   13.71939899 13.71939899]
[2025-07-23 11:29:17] Debug - Sample Inverse Transform: Pred Scaled: [2.0330099  0.8060022  0.50436153 0.8060022  0.8060022 ], Pred Log: [5.5223157  3.96827029 3.58623251 3.96827029 3.96827029], Pred Original: [249.21378645  51.89296203  35.09782123  51.89296203  51.89296203]
[2025-07-23 11:29:17] Debug - Sample Inverse Transform: Pred Scaled: [ 1.10087809 -0.00747775  1.20675783  0.82931309  0.82931309], Pred Log: [4.34174025 2.9379713  4.47584041 3.99779428 3.99779428], Pred Original: [75.84114615 17.8775106  86.86841459 53.47785471 53.47785471]
[2025-07-23 11:29:17] Debug - Sample Inverse Transform: Pred Scaled: [ 0.3134956  -0.80757144 -0.04797356 -0.19951615 -0.19951615], Pred Log: [3.34449456 1.92462646 2.88668204 2.69474839 2.69474839], Pred Original: [27.34624472  5.85258845 16.93370741 13.801794   13.801794  ]
[2025-07-23 11:29:17] Debug - Sample Inverse Transform: Pred Scaled: [ 0.33278622 -0.7938334  -0.11456582 -0.21037877 -0.21037877], Pred Log: [3.36892676 1.94202614 2.80234076 2.68099052 2.68099052], Pred Original: [28.0473355   5.97286468 15.48318476 13.59954734 13.59954734]
[2025-07-23 11:29:17] Debug - Sample Inverse Transform: Pred Scaled: [2.09369167 0.79043736 0.50271105 0.79043736 0.79043736], Pred Log: [5.59917115 3.94855691 3.58414212 3.94855691 3.94855691], Pred Original: [269.20235628  50.86047332  35.02244163  50.86047332  50.86047332]
[2025-07-23 11:29:17] Debug - Sample Inverse Transform: Pred Scaled: [ 1.09280137 -0.01292813  1.19109553  0.8265633   0.8265633 ], Pred Log: [4.33151082 2.93106822 4.45600358 3.99431159 3.99431159], Pred Original: [75.0591112  17.74764645 85.14255881 53.2884548  53.2884548 ]
[2025-07-23 11:29:17] Debug - Sample Inverse Transform: Pred Scaled: [ 0.47121774 -0.58111339 -0.51840549 -0.58111339 -0.58111339], Pred Log: [3.54425481 2.211443   2.29086461 2.211443   2.211443  ], Pred Original: [33.61388175  8.12887983  8.88347929  8.12887983  8.12887983]
[2025-07-23 11:29:17] Debug - Sample Inverse Transform: Pred Scaled: [ 0.4826071  -0.58224248 -0.51176482 -0.58224248 -0.58224248], Pred Log: [3.5586798  2.21001297 2.29927523 2.21001297 2.21001297], Pred Original: [34.11680534  8.11583461  8.96695604  8.11583461  8.11583461]
[2025-07-23 11:29:17] Debug - Sample Inverse Transform: Pred Scaled: [ 0.46928458 -0.58129585 -0.52215702 -0.58129585 -0.58129585], Pred Log: [3.54180639 2.2112119  2.28611317 2.2112119  2.2112119 ], Pred Original: [33.52923623  8.12677041  8.83662997  8.12677041  8.12677041]
[2025-07-23 11:29:17] Debug - Sample Inverse Transform: Pred Scaled: [2.11477698 0.78487767 0.48922481 0.78487767 0.78487767], Pred Log: [5.62587638 3.94151537 3.56706135 3.94151537 3.94151537], Pred Original: [276.51538678  50.49657864  34.41237543  50.49657864  50.49657864]
[2025-07-23 11:29:17] Debug - Sample Inverse Transform: Pred Scaled: [ 1.10561987 -0.00572917  1.18373788  0.84070772  0.84070772], Pred Log: [4.34774587 2.94018594 4.44668488 4.01222596 4.01222596], Pred Original: [76.30401325 17.91936383 84.34355076 54.26976179 54.26976179]
[2025-07-23 11:29:17] Debug - Sample Inverse Transform: Pred Scaled: [2.13146222 1.39575371 0.48240942 1.39575371 1.39575371], Pred Log: [5.64700878 4.71520987 3.55842943 4.71520987 4.71520987], Pred Original: [282.44235673 110.63223696  34.10801433 110.63223696 110.63223696]
[2025-07-23 11:29:17] Debug - Sample Inverse Transform: Pred Scaled: [ 1.78404403 -0.37848017  0.14401945 -0.37848017 -0.37848017], Pred Log: [5.20699228 2.4680846  3.12984747 2.4680846  2.4680846 ], Pred Original: [181.54418932  10.79982375  21.87049086  10.79982375  10.79982375]
[2025-07-23 11:29:17] Debug - Sample Inverse Transform: Pred Scaled: [ 1.01532276 -0.04936621  1.21263727  0.83853473  0.83853473], Pred Log: [4.23338163 2.8849182  4.48328691 4.00947379 4.00947379], Pred Original: [67.95000175 16.90210316 87.52516934 54.11785958 54.11785958]
[2025-07-23 11:29:17] Debug - Sample Inverse Transform: Pred Scaled: [ 1.75525452 -0.37176365  0.14743583 -0.37176365 -0.37176365], Pred Log: [5.17052941 2.4765913  3.13417443 2.4765913  2.4765913 ], Pred Original: [175.00799313  10.90062947  21.96966489  10.90062947  10.90062947]
[2025-07-23 11:29:17] Debug - Sample Inverse Transform: Pred Scaled: [ 0.96965258 -0.01037144  1.13503764  0.82397614  0.82397614], Pred Log: [4.17553885 2.93430635 4.38500444 3.99103487 3.99103487], Pred Original: [64.0748957  17.80845213 79.23857936 53.11085821 53.11085821]
[2025-07-23 11:29:17] Debug - Sample Inverse Transform: Pred Scaled: [ 0.9346333  -0.00117476  1.14367123  0.80609527  0.80609527], Pred Log: [4.13118578 2.94595425 4.39593916 3.96838816 3.96838816], Pred Original: [61.2516963  18.02881194 80.1207807  51.89919694 51.89919694]
[2025-07-23 11:29:18] Debug - Sample Inverse Transform: Pred Scaled: [ 1.75398121 -0.33585467  0.16831935 -0.33585467 -0.33585467], Pred Log: [5.16891673 2.52207119 3.16062408 2.52207119 2.52207119], Pred Original: [174.72437751  11.45436533  22.58531057  11.45436533  11.45436533]
[2025-07-23 11:29:18] Debug - Sample Inverse Transform: Pred Scaled: [ 1.82887188 -0.2470208   0.20261732 -0.2470208  -0.2470208 ], Pred Log: [5.26376821 2.63458219 3.20406359 2.63458219 2.63458219], Pred Original: [192.20816977  12.93748796  23.63242312  12.93748796  12.93748796]
[2025-07-23 11:29:18] Debug - Sample Inverse Transform: Pred Scaled: [0.78226452 4.36997932 0.78226452 0.7534047  0.8943043 ], Pred Log: [3.93820574 8.48216395 3.93820574 3.90165383 4.08010778], Pred Original: [  50.3264257  4826.88590675   50.3264257    48.4842202    58.15184502]
[2025-07-23 11:29:18] Debug - Sample Inverse Transform: Pred Scaled: [0.89142541 5.39234183 0.89142541 0.72273307 0.84563228], Pred Log: [4.07646157 9.77701953 4.07646157 3.86280721 4.01846308], Pred Original: [   57.93655759 17623.04656606    57.93655759    46.59878358
    54.61556319]
[2025-07-23 11:29:18] Debug - Sample Inverse Transform: Pred Scaled: [ 1.10087809 -0.00747775  1.20675783  0.82931309  0.82931309], Pred Log: [4.34174025 2.9379713  4.47584041 3.99779428 3.99779428], Pred Original: [75.84114615 17.8775106  86.86841459 53.47785471 53.47785471]
[2025-07-23 11:29:18] Debug - Sample Inverse Transform: Pred Scaled: [ 1.82306786 -0.24350817  0.21884715 -0.24350817 -0.24350817], Pred Log: [5.25641723 2.63903105 3.22461919 2.63903105 2.63903105], Pred Original: [190.79310744  12.99963211  24.14399731  12.99963211  12.99963211]
[2025-07-23 11:29:18] Debug - Sample Inverse Transform: Pred Scaled: [ 1.09280137 -0.01292813  1.19109553  0.8265633   0.8265633 ], Pred Log: [4.33151082 2.93106822 4.45600358 3.99431159 3.99431159], Pred Original: [75.0591112  17.74764645 85.14255881 53.2884548  53.2884548 ]
[2025-07-23 11:29:18] Debug - Sample Inverse Transform: Pred Scaled: [0.86989926 0.03991611 1.01108709 0.78662528 0.78662528], Pred Log: [4.04919801 2.99799718 4.22801701 3.94372878 3.94372878], Pred Original: [56.35144314 19.04534948 67.58110131 50.61068769 50.61068769]
[2025-07-23 11:29:18] Debug - Sample Inverse Transform: Pred Scaled: [0.91488651 0.03375778 1.10713169 0.79238083 0.79238083], Pred Log: [4.10617582 2.99019745 4.34966064 3.95101837 3.95101837], Pred Original: [59.71409173 18.88960936 76.4521741  50.98828342 50.98828342]
[2025-07-23 11:29:18] Debug - Sample Inverse Transform: Pred Scaled: [0.84923444 0.05158811 1.00855944 0.78154554 0.78154554], Pred Log: [4.02302533 3.01278015 4.22481566 3.93729512 3.93729512], Pred Original: [54.86987494 19.34388033 67.36190065 50.27970803 50.27970803]
[2025-07-23 11:29:18] Debug - Sample Inverse Transform: Pred Scaled: [ 1.82308507 -0.24151448  0.22702603 -0.24151448 -0.24151448], Pred Log: [5.25643902 2.64155612 3.23497801 2.64155612 2.64155612], Pred Original: [190.79728793  13.03502683  24.40581311  13.03502683  13.03502683]
[2025-07-23 11:29:18] Debug - Sample Inverse Transform: Pred Scaled: [0.9476865  5.91578053 0.9476865  0.71118538 0.81841997], Pred Log: [ 4.14771808 10.43997177  4.14771808  3.84818168  3.9839978 ], Pred Original: [   62.2894143  34198.68712851    62.2894143     45.90769254
    52.73141295]
[2025-07-23 11:29:18] Debug - Sample Inverse Transform: Pred Scaled: [ 1.10561987 -0.00572917  1.18373788  0.84070772  0.84070772], Pred Log: [4.34774587 2.94018594 4.44668488 4.01222596 4.01222596], Pred Original: [76.30401325 17.91936383 84.34355076 54.26976179 54.26976179]
[2025-07-23 11:29:18] Debug - Sample Inverse Transform: Pred Scaled: [0.82293473 0.06215478 1.01013879 0.77687307 0.77687307], Pred Log: [3.98971588 3.02616318 4.22681595 3.93137729 3.93137729], Pred Original: [53.03953362 19.61797313 67.49878127 49.9771396  49.9771396 ]
[2025-07-23 11:29:18] Debug - Sample Inverse Transform: Pred Scaled: [-0.8465432  -1.80945476 -0.8465432   0.25129453  0.83526964], Pred Log: [1.87526745 0.65570845 1.87526745 3.26571487 4.00533845], Pred Original: [ 5.52256334  0.92650686  5.52256334 25.198833   53.89039907]
[2025-07-23 11:29:18] Debug - Sample Inverse Transform: Pred Scaled: [-0.16145998  5.61902861 -0.16145998 -0.08655262  1.2821189 ], Pred Log: [ 2.74294777 10.06412575  2.74294777  2.83782039  4.57128766], Pred Original: [1.45327045e+01 2.34842008e+04 1.45327045e+01 1.60785005e+01
 9.56685061e+01]
[2025-07-23 11:29:18] Debug - Sample Inverse Transform: Pred Scaled: [ 0.96965258 -0.01037144  1.13503764  0.82397614  0.82397614], Pred Log: [4.17553885 2.93430635 4.38500444 3.99103487 3.99103487], Pred Original: [64.0748957  17.80845213 79.23857936 53.11085821 53.11085821]
[2025-07-23 11:29:18] Debug - Sample Inverse Transform: Pred Scaled: [-0.8221286  -2.81636207 -0.8221286   0.21656218  0.76249416], Pred Log: [ 1.90618934 -0.61957262  1.90618934  3.22172521  3.91316592], Pred Original: [ 5.72740406 -0.4618256   5.72740406 24.0713361  49.0571785 ]
[2025-07-23 11:29:18] Debug - Sample Inverse Transform: Pred Scaled: [ 1.01532276 -0.04936621  1.21263727  0.83853473  0.83853473], Pred Log: [4.23338163 2.8849182  4.48328691 4.00947379 4.00947379], Pred Original: [67.95000175 16.90210316 87.52516934 54.11785958 54.11785958]
[2025-07-23 11:29:18] Debug - Sample Inverse Transform: Pred Scaled: [0.98944358 0.00508427 1.12300227 0.7509406  0.7509406 ], Pred Log: [4.20060479 2.95388151 4.36976125 3.89853296 3.89853296], Pred Original: [65.72667448 18.18025787 78.0247625  48.33002704 48.33002704]
[2025-07-23 11:29:18] Debug - Sample Inverse Transform: Pred Scaled: [-1.21568767  0.04508716 -1.21568767  0.23001172 -0.2973737 ], Pred Log: [1.4077339  3.00454648 1.4077339  3.23875949 2.5708086 ], Pred Original: [ 3.08668408 19.17706342  3.08668408 24.50206644 12.07639372]
[2025-07-23 11:29:18] Debug - Sample Inverse Transform: Pred Scaled: [-0.79929716 -3.16278978 -0.79929716  0.17406781  0.73869935], Pred Log: [ 1.93510611 -1.05833465  1.93510611  3.1679047   3.88302902], Pred Original: [ 5.92477878 -0.65296674  5.92477878 22.75765277 47.57111528]
[2025-07-23 11:29:18] Debug - Sample Inverse Transform: Pred Scaled: [ 0.83274214 -0.13952917  0.84085144  0.58642246  0.58642246], Pred Log: [4.00213729 2.77072386 4.01240798 3.69016536 3.69016536], Pred Original: [53.71496703 14.97019002 54.27982339 39.05146944 39.05146944]
[2025-07-23 11:29:19] Debug - Sample Inverse Transform: Pred Scaled: [-1.09154052 -0.03563655 -1.09154052 -0.13207819  0.28490348], Pred Log: [1.56497033 2.90230726 1.56497033 2.78016076 3.3082817 ], Pred Original: [ 3.78253303 17.21612633  3.78253303 15.12161251 26.33810997]
[2025-07-23 11:29:19] Debug - Sample Inverse Transform: Pred Scaled: [ 1.03562247 -0.00392027  1.1263895   0.67060368  0.67060368], Pred Log: [4.25909187 2.94247696 4.37405128 3.79678363 3.79678363], Pred Original: [69.74570768 17.96275826 78.36450941 43.55763994 43.55763994]
[2025-07-23 11:29:19] Debug - Sample Inverse Transform: Pred Scaled: [-1.03736932 -0.08921559 -1.03736932 -0.28408409  0.35684013], Pred Log: [1.63357992 2.83444765 1.63357992 2.58764032 3.39939182], Pred Original: [ 4.12217894 16.02099614  4.12217894 12.29835466 28.94588203]
[2025-07-23 11:29:19] Debug - Sample Inverse Transform: Pred Scaled: [ 0.68118867 -0.35541342  0.70561777  0.54700803  0.54700803], Pred Log: [3.81018987 2.49729939 3.84113011 3.64024569 3.64024569], Pred Original: [44.15901219 11.14963817 45.57808315 37.10119679 37.10119679]
[2025-07-23 11:29:19] Debug - Sample Inverse Transform: Pred Scaled: [ 0.68082949 -0.35705626  0.69835404  0.53875188  0.53875188], Pred Log: [3.80973496 2.49521868 3.83193037 3.62978901 3.62978901], Pred Original: [44.13847361 11.12438462 45.1515418  36.70486052 36.70486052]
Traceback (most recent call last):
  File "/scratch/pioneer/jobs/job.2687295.pioneer/poly_ridge_training_2687295/polynomial_ridge.py", line 285, in <module>
    train_metrics = evaluate_model(best_model, X_train_fold, y_train_fold, scaler_y, y_train_original)
                    ^^^^^^^^^^^^^^^^^^^^^^^^^^^^^^^^^^^^^^^^^^^^^^^^^^^^^^^^^^^^^^^^^^^^^^^^^^^^^^^^^^
  File "/scratch/pioneer/jobs/job.2687295.pioneer/poly_ridge_training_2687295/polynomial_ridge.py", line 126, in evaluate_model
    y_true_log = scaler_y.inverse_transform(y.reshape(-1, 1)).flatten()
                                            ^^^^^^^^^
  File "/home/wxs428/ai3_env/lib/python3.12/site-packages/pandas/core/generic.py", line 6318, in __getattr__
    return object.__getattribute__(self, name)
           ^^^^^^^^^^^^^^^^^^^^^^^^^^^^^^^^^^^
AttributeError: 'Series' object has no attribute 'reshape'. Did you mean: 'shape'?
