[2025-07-28 11:16:10] Starting L40s GPU Neural Network Training
[2025-07-28 11:16:10] Using device: cuda
[2025-07-28 11:16:10] GPU: Tesla V100-SXM2-32GB
[2025-07-28 11:16:10] GPU Memory: 31.7 GB
[2025-07-28 11:16:10] CUDA version: 12.4
[2025-07-28 11:16:10] PyTorch version: 2.6.0+cu124
[2025-07-28 11:16:10] Loading L40s data from combined_l40s.csv
[2025-07-28 11:16:10] L40s data loaded successfully. Shape: (69000, 9)
[2025-07-28 11:16:10] Scaling numerical features: ['Batch_Size', 'Input_Size', 'In_Channels', 'Out_Channels', 'Kernel_Size', 'Stride', 'Padding']
[2025-07-28 11:16:10] Features: 9
[2025-07-28 11:16:10] Feature columns: ['Batch_Size', 'Input_Size', 'In_Channels', 'Out_Channels', 'Kernel_Size', 'Stride', 'Padding', 'Algorithm_gemm', 'Algorithm_implicit_gemm']
[2025-07-28 11:16:10] Data preprocessing complete. Features shape: (69000, 9), Target shape: (69000,)
[2025-07-28 11:16:10] Training with 5-Fold Cross Validation
[2025-07-28 11:16:10] Total samples: 69000
[2025-07-28 11:16:10] Features: 9
[2025-07-28 11:16:10] Preparing FOLD 1
[2025-07-28 11:16:10] Training samples: 55200
[2025-07-28 11:16:10] Validation samples: 13800
[2025-07-28 11:16:10] Preparing FOLD 2
[2025-07-28 11:16:10] Training samples: 55200
[2025-07-28 11:16:10] Validation samples: 13800
[2025-07-28 11:16:10] Preparing FOLD 3
[2025-07-28 11:16:10] Training samples: 55200
[2025-07-28 11:16:10] Validation samples: 13800
[2025-07-28 11:16:10] Preparing FOLD 4
[2025-07-28 11:16:10] Training samples: 55200
[2025-07-28 11:16:10] Validation samples: 13800
[2025-07-28 11:16:10] Preparing FOLD 5
[2025-07-28 11:16:10] Training samples: 55200
[2025-07-28 11:16:10] Validation samples: 13800
[2025-07-28 11:16:10] Starting 5-Fold Cross Validation Training
[2025-07-28 11:16:10] L40s optimized: Epochs: 600, Early Stopping Patience: 150
[2025-07-28 11:16:10] Learning Rate: 0.0005
[2025-07-28 11:16:10] ================================================================================
[2025-07-28 11:16:10] Starting FOLD 1
[2025-07-28 11:16:10] ----------------------------------------
/home/wxs428/ai3_env/lib/python3.12/site-packages/torch/optim/lr_scheduler.py:62: UserWarning: The verbose parameter is deprecated. Please use get_last_lr() to access the learning rate.
  warnings.warn(
[2025-07-28 11:16:56]   Epoch  10/600 | Train Loss: 0.1446 | Val MAPE: 13.20% | Val R²: 0.9133 | Time: 2.28s
[2025-07-28 11:17:11]   Epoch  20/600 | Train Loss: 0.1269 | Val MAPE: 12.20% | Val R²: 0.9224 | Time: 1.51s
[2025-07-28 11:17:27]   Epoch  30/600 | Train Loss: 0.1145 | Val MAPE: 12.14% | Val R²: 0.9351 | Time: 1.50s
[2025-07-28 11:17:45]   Epoch  40/600 | Train Loss: 0.1097 | Val MAPE: 10.90% | Val R²: 0.9674 | Time: 1.84s
[2025-07-28 11:18:05]   Epoch  50/600 | Train Loss: 0.1044 | Val MAPE: 11.11% | Val R²: 0.9604 | Time: 2.00s
[2025-07-28 11:18:26]   Epoch  60/600 | Train Loss: 0.1027 | Val MAPE: 11.17% | Val R²: 0.9731 | Time: 1.94s
[2025-07-28 11:18:44]   Epoch  70/600 | Train Loss: 0.1001 | Val MAPE: 10.09% | Val R²: 0.9803 | Time: 1.82s
[2025-07-28 11:19:01]   Epoch  80/600 | Train Loss: 0.0994 | Val MAPE: 10.03% | Val R²: 0.9785 | Time: 1.53s
[2025-07-28 11:19:17]   Epoch  90/600 | Train Loss: 0.0980 | Val MAPE: 11.00% | Val R²: 0.9770 | Time: 2.45s
[2025-07-28 11:19:35]   Epoch 100/600 | Train Loss: 0.0990 | Val MAPE: 10.88% | Val R²: 0.9773 | Time: 1.82s
[2025-07-28 11:19:52]   Epoch 110/600 | Train Loss: 0.0976 | Val MAPE: 10.38% | Val R²: 0.9820 | Time: 1.76s
[2025-07-28 11:20:10]   Epoch 120/600 | Train Loss: 0.0989 | Val MAPE: 10.44% | Val R²: 0.9752 | Time: 1.67s
[2025-07-28 11:20:25]   Epoch 130/600 | Train Loss: 0.0981 | Val MAPE: 10.63% | Val R²: 0.9793 | Time: 1.47s
[2025-07-28 11:20:44]   Epoch 140/600 | Train Loss: 0.0979 | Val MAPE: 10.55% | Val R²: 0.9788 | Time: 1.51s
[2025-07-28 11:21:00]   Epoch 150/600 | Train Loss: 0.0982 | Val MAPE: 10.77% | Val R²: 0.9801 | Time: 1.97s
[2025-07-28 11:21:20]   Epoch 160/600 | Train Loss: 0.0979 | Val MAPE: 10.35% | Val R²: 0.9810 | Time: 1.50s
[2025-07-28 11:21:35]   Epoch 170/600 | Train Loss: 0.0984 | Val MAPE: 10.37% | Val R²: 0.9798 | Time: 1.56s
[2025-07-28 11:21:50]   Epoch 180/600 | Train Loss: 0.0975 | Val MAPE: 11.01% | Val R²: 0.9768 | Time: 1.55s
[2025-07-28 11:22:05]   Epoch 190/600 | Train Loss: 0.0982 | Val MAPE: 10.96% | Val R²: 0.9812 | Time: 1.77s
[2025-07-28 11:22:23]   Epoch 200/600 | Train Loss: 0.0985 | Val MAPE: 10.34% | Val R²: 0.9763 | Time: 1.48s
[2025-07-28 11:22:39]   Epoch 210/600 | Train Loss: 0.0968 | Val MAPE: 10.68% | Val R²: 0.9790 | Time: 1.52s
[2025-07-28 11:22:55]   Epoch 220/600 | Train Loss: 0.0973 | Val MAPE: 10.29% | Val R²: 0.9775 | Time: 1.47s
[2025-07-28 11:23:09]   Early stopping at epoch 229
[2025-07-28 11:23:10]   Fold 1 Complete in 419.53 seconds
[2025-07-28 11:23:10]      Train MAPE: 10.18% | Val MAPE: 10.27%
[2025-07-28 11:23:10]      Train MAE:  0.0561 | Val MAE:  0.0542
[2025-07-28 11:23:10]      Train R²:   0.9699 | Val R²:   0.9796
[2025-07-28 11:23:10]      Epochs:     229/600
[2025-07-28 11:23:10] Starting FOLD 2
[2025-07-28 11:23:10] ----------------------------------------
/home/wxs428/ai3_env/lib/python3.12/site-packages/torch/optim/lr_scheduler.py:62: UserWarning: The verbose parameter is deprecated. Please use get_last_lr() to access the learning rate.
  warnings.warn(
[2025-07-28 11:23:25]   Epoch  10/600 | Train Loss: 0.1476 | Val MAPE: 10.97% | Val R²: 0.8693 | Time: 1.55s
[2025-07-28 11:23:43]   Epoch  20/600 | Train Loss: 0.1350 | Val MAPE: 11.86% | Val R²: 0.8991 | Time: 1.51s
[2025-07-28 11:23:58]   Epoch  30/600 | Train Loss: 0.1228 | Val MAPE: 11.48% | Val R²: 0.8859 | Time: 1.49s
[2025-07-28 11:24:13]   Epoch  40/600 | Train Loss: 0.1135 | Val MAPE: 11.61% | Val R²: 0.9371 | Time: 1.88s
[2025-07-28 11:24:29]   Epoch  50/600 | Train Loss: 0.1048 | Val MAPE: 11.45% | Val R²: 0.9600 | Time: 1.52s
[2025-07-28 11:24:47]   Epoch  60/600 | Train Loss: 0.1028 | Val MAPE: 10.66% | Val R²: 0.9520 | Time: 1.84s
[2025-07-28 11:25:04]   Epoch  70/600 | Train Loss: 0.0989 | Val MAPE: 10.80% | Val R²: 0.9517 | Time: 2.34s
[2025-07-28 11:25:20]   Epoch  80/600 | Train Loss: 0.0977 | Val MAPE: 10.25% | Val R²: 0.9577 | Time: 2.11s
[2025-07-28 11:25:37]   Epoch  90/600 | Train Loss: 0.0963 | Val MAPE: 10.37% | Val R²: 0.9560 | Time: 2.53s
[2025-07-28 11:25:56]   Epoch 100/600 | Train Loss: 0.0971 | Val MAPE: 9.48% | Val R²: 0.9658 | Time: 1.49s
[2025-07-28 11:26:11]   Epoch 110/600 | Train Loss: 0.0941 | Val MAPE: 10.89% | Val R²: 0.9633 | Time: 1.57s
[2025-07-28 11:26:27]   Epoch 120/600 | Train Loss: 0.0935 | Val MAPE: 10.54% | Val R²: 0.9609 | Time: 1.51s
[2025-07-28 11:26:43]   Epoch 130/600 | Train Loss: 0.0923 | Val MAPE: 10.35% | Val R²: 0.9605 | Time: 1.52s
[2025-07-28 11:26:58]   Epoch 140/600 | Train Loss: 0.0922 | Val MAPE: 9.57% | Val R²: 0.9640 | Time: 1.51s
[2025-07-28 11:27:14]   Epoch 150/600 | Train Loss: 0.0919 | Val MAPE: 9.99% | Val R²: 0.9656 | Time: 1.47s
[2025-07-28 11:27:29]   Epoch 160/600 | Train Loss: 0.0905 | Val MAPE: 9.70% | Val R²: 0.9659 | Time: 1.50s
[2025-07-28 11:27:46]   Epoch 170/600 | Train Loss: 0.0923 | Val MAPE: 9.65% | Val R²: 0.9635 | Time: 1.80s
[2025-07-28 11:28:04]   Epoch 180/600 | Train Loss: 0.0915 | Val MAPE: 10.02% | Val R²: 0.9619 | Time: 1.50s
[2025-07-28 11:28:20]   Epoch 190/600 | Train Loss: 0.0915 | Val MAPE: 9.35% | Val R²: 0.9649 | Time: 1.97s
[2025-07-28 11:28:38]   Epoch 200/600 | Train Loss: 0.0901 | Val MAPE: 9.07% | Val R²: 0.9669 | Time: 1.48s
[2025-07-28 11:28:54]   Epoch 210/600 | Train Loss: 0.0901 | Val MAPE: 9.66% | Val R²: 0.9638 | Time: 1.54s
[2025-07-28 11:29:10]   Epoch 220/600 | Train Loss: 0.0909 | Val MAPE: 9.55% | Val R²: 0.9646 | Time: 1.55s
[2025-07-28 11:29:25]   Epoch 230/600 | Train Loss: 0.0905 | Val MAPE: 9.41% | Val R²: 0.9668 | Time: 1.50s
[2025-07-28 11:29:44]   Epoch 240/600 | Train Loss: 0.0913 | Val MAPE: 10.15% | Val R²: 0.9643 | Time: 2.60s
[2025-07-28 11:30:01]   Epoch 250/600 | Train Loss: 0.0909 | Val MAPE: 9.97% | Val R²: 0.9649 | Time: 1.53s
[2025-07-28 11:30:16]   Epoch 260/600 | Train Loss: 0.0910 | Val MAPE: 10.04% | Val R²: 0.9628 | Time: 1.55s
[2025-07-28 11:30:31]   Epoch 270/600 | Train Loss: 0.0909 | Val MAPE: 9.86% | Val R²: 0.9658 | Time: 1.49s
[2025-07-28 11:30:47]   Epoch 280/600 | Train Loss: 0.0905 | Val MAPE: 9.06% | Val R²: 0.9670 | Time: 1.49s
[2025-07-28 11:30:58]   Early stopping at epoch 287
[2025-07-28 11:30:58]   Fold 2 Complete in 468.53 seconds
[2025-07-28 11:30:58]      Train MAPE: 9.42% | Val MAPE: 9.67%
[2025-07-28 11:30:58]      Train MAE:  0.0549 | Val MAE:  0.0588
[2025-07-28 11:30:58]      Train R²:   0.9731 | Val R²:   0.9610
[2025-07-28 11:30:58]      Epochs:     287/600
[2025-07-28 11:30:58] Starting FOLD 3
[2025-07-28 11:30:58] ----------------------------------------
/home/wxs428/ai3_env/lib/python3.12/site-packages/torch/optim/lr_scheduler.py:62: UserWarning: The verbose parameter is deprecated. Please use get_last_lr() to access the learning rate.
  warnings.warn(
[2025-07-28 11:31:14]   Epoch  10/600 | Train Loss: 0.1424 | Val MAPE: 13.34% | Val R²: 0.8704 | Time: 1.50s
[2025-07-28 11:31:29]   Epoch  20/600 | Train Loss: 0.1310 | Val MAPE: 11.49% | Val R²: 0.9136 | Time: 1.45s
[2025-07-28 11:31:45]   Epoch  30/600 | Train Loss: 0.1198 | Val MAPE: 11.87% | Val R²: 0.9234 | Time: 1.47s
[2025-07-28 11:32:01]   Epoch  40/600 | Train Loss: 0.1170 | Val MAPE: 10.88% | Val R²: 0.8681 | Time: 1.51s
[2025-07-28 11:32:17]   Epoch  50/600 | Train Loss: 0.1135 | Val MAPE: 11.27% | Val R²: 0.9605 | Time: 1.55s
[2025-07-28 11:32:33]   Epoch  60/600 | Train Loss: 0.1078 | Val MAPE: 11.06% | Val R²: 0.9659 | Time: 1.51s
[2025-07-28 11:32:48]   Epoch  70/600 | Train Loss: 0.1069 | Val MAPE: 10.22% | Val R²: 0.9516 | Time: 1.75s
[2025-07-28 11:33:07]   Epoch  80/600 | Train Loss: 0.0973 | Val MAPE: 9.47% | Val R²: 0.9674 | Time: 2.07s
[2025-07-28 11:33:22]   Epoch  90/600 | Train Loss: 0.0970 | Val MAPE: 10.66% | Val R²: 0.9643 | Time: 1.50s
[2025-07-28 11:33:38]   Epoch 100/600 | Train Loss: 0.0924 | Val MAPE: 10.20% | Val R²: 0.9684 | Time: 1.46s
[2025-07-28 11:33:54]   Epoch 110/600 | Train Loss: 0.0903 | Val MAPE: 10.07% | Val R²: 0.9717 | Time: 1.87s
[2025-07-28 11:34:12]   Epoch 120/600 | Train Loss: 0.0892 | Val MAPE: 10.31% | Val R²: 0.9691 | Time: 1.51s
[2025-07-28 11:34:28]   Epoch 130/600 | Train Loss: 0.0883 | Val MAPE: 9.13% | Val R²: 0.9704 | Time: 1.42s
[2025-07-28 11:34:43]   Epoch 140/600 | Train Loss: 0.0880 | Val MAPE: 9.78% | Val R²: 0.9711 | Time: 1.49s
[2025-07-28 11:34:58]   Epoch 150/600 | Train Loss: 0.0886 | Val MAPE: 10.43% | Val R²: 0.9686 | Time: 1.49s
[2025-07-28 11:35:12]   Epoch 160/600 | Train Loss: 0.0888 | Val MAPE: 9.88% | Val R²: 0.9702 | Time: 1.52s
[2025-07-28 11:35:28]   Epoch 170/600 | Train Loss: 0.0882 | Val MAPE: 10.00% | Val R²: 0.9714 | Time: 1.44s
[2025-07-28 11:35:44]   Epoch 180/600 | Train Loss: 0.0872 | Val MAPE: 10.46% | Val R²: 0.9681 | Time: 1.92s
[2025-07-28 11:36:00]   Epoch 190/600 | Train Loss: 0.0880 | Val MAPE: 10.96% | Val R²: 0.9700 | Time: 1.80s
[2025-07-28 11:36:17]   Epoch 200/600 | Train Loss: 0.0872 | Val MAPE: 9.29% | Val R²: 0.9689 | Time: 1.49s
[2025-07-28 11:36:33]   Epoch 210/600 | Train Loss: 0.0865 | Val MAPE: 9.87% | Val R²: 0.9703 | Time: 1.49s
[2025-07-28 11:36:49]   Epoch 220/600 | Train Loss: 0.0873 | Val MAPE: 11.10% | Val R²: 0.9687 | Time: 1.53s
[2025-07-28 11:37:03]   Epoch 230/600 | Train Loss: 0.0875 | Val MAPE: 9.99% | Val R²: 0.9716 | Time: 1.45s
[2025-07-28 11:37:13]   Early stopping at epoch 235
[2025-07-28 11:37:14]   Fold 3 Complete in 375.12 seconds
[2025-07-28 11:37:14]      Train MAPE: 9.90% | Val MAPE: 9.94%
[2025-07-28 11:37:14]      Train MAE:  0.0573 | Val MAE:  0.0593
[2025-07-28 11:37:14]      Train R²:   0.9718 | Val R²:   0.9680
[2025-07-28 11:37:14]      Epochs:     235/600
[2025-07-28 11:37:14] Starting FOLD 4
[2025-07-28 11:37:14] ----------------------------------------
/home/wxs428/ai3_env/lib/python3.12/site-packages/torch/optim/lr_scheduler.py:62: UserWarning: The verbose parameter is deprecated. Please use get_last_lr() to access the learning rate.
  warnings.warn(
[2025-07-28 11:37:29]   Epoch  10/600 | Train Loss: 0.1434 | Val MAPE: 11.35% | Val R²: 0.8511 | Time: 1.43s
[2025-07-28 11:37:44]   Epoch  20/600 | Train Loss: 0.1258 | Val MAPE: 10.83% | Val R²: 0.9227 | Time: 1.84s
[2025-07-28 11:38:04]   Epoch  30/600 | Train Loss: 0.1194 | Val MAPE: 8.60% | Val R²: 0.9385 | Time: 1.97s
[2025-07-28 11:38:22]   Epoch  40/600 | Train Loss: 0.1096 | Val MAPE: 9.30% | Val R²: 0.9535 | Time: 1.46s
[2025-07-28 11:38:39]   Epoch  50/600 | Train Loss: 0.1025 | Val MAPE: 7.58% | Val R²: 0.9713 | Time: 1.80s
[2025-07-28 11:38:55]   Epoch  60/600 | Train Loss: 0.0998 | Val MAPE: 8.62% | Val R²: 0.9532 | Time: 1.69s
[2025-07-28 11:39:12]   Epoch  70/600 | Train Loss: 0.0968 | Val MAPE: 9.10% | Val R²: 0.9739 | Time: 1.50s
[2025-07-28 11:39:27]   Epoch  80/600 | Train Loss: 0.0967 | Val MAPE: 8.60% | Val R²: 0.9713 | Time: 1.47s
[2025-07-28 11:39:42]   Epoch  90/600 | Train Loss: 0.0954 | Val MAPE: 8.10% | Val R²: 0.9758 | Time: 1.49s
[2025-07-28 11:39:57]   Epoch 100/600 | Train Loss: 0.0958 | Val MAPE: 9.09% | Val R²: 0.9733 | Time: 1.52s
[2025-07-28 11:40:13]   Epoch 110/600 | Train Loss: 0.0966 | Val MAPE: 8.22% | Val R²: 0.9759 | Time: 1.48s
[2025-07-28 11:40:29]   Epoch 120/600 | Train Loss: 0.0937 | Val MAPE: 9.03% | Val R²: 0.9753 | Time: 1.91s
[2025-07-28 11:40:44]   Epoch 130/600 | Train Loss: 0.0954 | Val MAPE: 9.28% | Val R²: 0.9741 | Time: 1.50s
[2025-07-28 11:41:01]   Epoch 140/600 | Train Loss: 0.0940 | Val MAPE: 7.58% | Val R²: 0.9771 | Time: 1.64s
[2025-07-28 11:41:19]   Epoch 150/600 | Train Loss: 0.0941 | Val MAPE: 7.73% | Val R²: 0.9744 | Time: 1.92s
[2025-07-28 11:41:35]   Epoch 160/600 | Train Loss: 0.0948 | Val MAPE: 8.23% | Val R²: 0.9759 | Time: 1.49s
[2025-07-28 11:41:51]   Epoch 170/600 | Train Loss: 0.0941 | Val MAPE: 8.56% | Val R²: 0.9746 | Time: 1.45s
[2025-07-28 11:42:06]   Epoch 180/600 | Train Loss: 0.0968 | Val MAPE: 7.80% | Val R²: 0.9750 | Time: 1.46s
[2025-07-28 11:42:23]   Epoch 190/600 | Train Loss: 0.0945 | Val MAPE: 8.60% | Val R²: 0.9763 | Time: 1.50s
[2025-07-28 11:42:39]   Epoch 200/600 | Train Loss: 0.0947 | Val MAPE: 7.92% | Val R²: 0.9759 | Time: 1.45s
[2025-07-28 11:42:56]   Epoch 210/600 | Train Loss: 0.0953 | Val MAPE: 8.40% | Val R²: 0.9730 | Time: 1.50s
[2025-07-28 11:43:11]   Epoch 220/600 | Train Loss: 0.0951 | Val MAPE: 8.39% | Val R²: 0.9756 | Time: 1.47s
[2025-07-28 11:43:26]   Epoch 230/600 | Train Loss: 0.0948 | Val MAPE: 9.79% | Val R²: 0.9709 | Time: 1.48s
[2025-07-28 11:43:42]   Epoch 240/600 | Train Loss: 0.0940 | Val MAPE: 8.15% | Val R²: 0.9718 | Time: 1.48s
[2025-07-28 11:43:57]   Epoch 250/600 | Train Loss: 0.0952 | Val MAPE: 9.04% | Val R²: 0.9762 | Time: 1.43s
[2025-07-28 11:44:14]   Epoch 260/600 | Train Loss: 0.0945 | Val MAPE: 8.51% | Val R²: 0.9764 | Time: 1.95s
[2025-07-28 11:44:29]   Epoch 270/600 | Train Loss: 0.0941 | Val MAPE: 8.86% | Val R²: 0.9768 | Time: 1.56s
[2025-07-28 11:44:46]   Epoch 280/600 | Train Loss: 0.0942 | Val MAPE: 7.93% | Val R²: 0.9759 | Time: 1.46s
[2025-07-28 11:45:03]   Epoch 290/600 | Train Loss: 0.0934 | Val MAPE: 8.73% | Val R²: 0.9761 | Time: 1.45s
[2025-07-28 11:45:18]   Epoch 300/600 | Train Loss: 0.0944 | Val MAPE: 7.97% | Val R²: 0.9750 | Time: 1.47s
[2025-07-28 11:45:32]   Early stopping at epoch 309
[2025-07-28 11:45:33]   Fold 4 Complete in 499.36 seconds
[2025-07-28 11:45:33]      Train MAPE: 9.24% | Val MAPE: 9.21%
[2025-07-28 11:45:33]      Train MAE:  0.0553 | Val MAE:  0.0538
[2025-07-28 11:45:33]      Train R²:   0.9726 | Val R²:   0.9750
[2025-07-28 11:45:33]      Epochs:     309/600
[2025-07-28 11:45:33] Starting FOLD 5
[2025-07-28 11:45:33] ----------------------------------------
/home/wxs428/ai3_env/lib/python3.12/site-packages/torch/optim/lr_scheduler.py:62: UserWarning: The verbose parameter is deprecated. Please use get_last_lr() to access the learning rate.
  warnings.warn(
[2025-07-28 11:45:48]   Epoch  10/600 | Train Loss: 0.1440 | Val MAPE: 13.50% | Val R²: 0.8442 | Time: 1.64s
[2025-07-28 11:46:05]   Epoch  20/600 | Train Loss: 0.1284 | Val MAPE: 12.88% | Val R²: 0.9162 | Time: 1.82s
[2025-07-28 11:46:20]   Epoch  30/600 | Train Loss: 0.1191 | Val MAPE: 12.20% | Val R²: 0.9063 | Time: 1.45s
[2025-07-28 11:46:36]   Epoch  40/600 | Train Loss: 0.1132 | Val MAPE: 12.87% | Val R²: 0.9463 | Time: 1.45s
[2025-07-28 11:46:51]   Epoch  50/600 | Train Loss: 0.1091 | Val MAPE: 12.48% | Val R²: 0.9322 | Time: 1.53s
[2025-07-28 11:47:05]   Epoch  60/600 | Train Loss: 0.1055 | Val MAPE: 11.31% | Val R²: 0.9415 | Time: 1.50s
[2025-07-28 11:47:21]   Epoch  70/600 | Train Loss: 0.1052 | Val MAPE: 12.26% | Val R²: 0.9613 | Time: 1.52s
[2025-07-28 11:47:36]   Epoch  80/600 | Train Loss: 0.1046 | Val MAPE: 12.14% | Val R²: 0.9550 | Time: 1.43s
[2025-07-28 11:47:51]   Epoch  90/600 | Train Loss: 0.1040 | Val MAPE: 12.39% | Val R²: 0.9639 | Time: 1.48s
[2025-07-28 11:48:07]   Epoch 100/600 | Train Loss: 0.1031 | Val MAPE: 11.84% | Val R²: 0.9590 | Time: 1.47s
[2025-07-28 11:48:24]   Epoch 110/600 | Train Loss: 0.1029 | Val MAPE: 12.19% | Val R²: 0.9626 | Time: 1.89s
[2025-07-28 11:48:39]   Epoch 120/600 | Train Loss: 0.1046 | Val MAPE: 11.95% | Val R²: 0.9636 | Time: 1.47s
[2025-07-28 11:48:56]   Epoch 130/600 | Train Loss: 0.1042 | Val MAPE: 10.91% | Val R²: 0.9664 | Time: 1.74s
[2025-07-28 11:49:12]   Epoch 140/600 | Train Loss: 0.1037 | Val MAPE: 11.34% | Val R²: 0.9608 | Time: 1.44s
[2025-07-28 11:49:26]   Epoch 150/600 | Train Loss: 0.1021 | Val MAPE: 12.35% | Val R²: 0.9659 | Time: 1.43s
[2025-07-28 11:49:41]   Epoch 160/600 | Train Loss: 0.1028 | Val MAPE: 12.13% | Val R²: 0.9593 | Time: 1.40s
[2025-07-28 11:49:55]   Epoch 170/600 | Train Loss: 0.1039 | Val MAPE: 12.01% | Val R²: 0.9565 | Time: 1.45s
[2025-07-28 11:50:13]   Epoch 180/600 | Train Loss: 0.1031 | Val MAPE: 11.74% | Val R²: 0.9676 | Time: 1.98s
[2025-07-28 11:50:28]   Epoch 190/600 | Train Loss: 0.1039 | Val MAPE: 11.73% | Val R²: 0.9611 | Time: 1.47s
[2025-07-28 11:50:42]   Epoch 200/600 | Train Loss: 0.1039 | Val MAPE: 11.87% | Val R²: 0.9654 | Time: 1.43s
[2025-07-28 11:50:58]   Epoch 210/600 | Train Loss: 0.1027 | Val MAPE: 11.20% | Val R²: 0.9634 | Time: 1.48s
[2025-07-28 11:51:12]   Epoch 220/600 | Train Loss: 0.1030 | Val MAPE: 12.90% | Val R²: 0.9604 | Time: 1.57s
[2025-07-28 11:51:29]   Epoch 230/600 | Train Loss: 0.1030 | Val MAPE: 11.53% | Val R²: 0.9606 | Time: 1.46s
[2025-07-28 11:51:45]   Epoch 240/600 | Train Loss: 0.1036 | Val MAPE: 11.78% | Val R²: 0.9634 | Time: 1.41s
[2025-07-28 11:52:03]   Epoch 250/600 | Train Loss: 0.1030 | Val MAPE: 12.34% | Val R²: 0.9656 | Time: 1.80s
[2025-07-28 11:52:18]   Epoch 260/600 | Train Loss: 0.1026 | Val MAPE: 12.13% | Val R²: 0.9617 | Time: 1.44s
[2025-07-28 11:52:34]   Epoch 270/600 | Train Loss: 0.1039 | Val MAPE: 12.02% | Val R²: 0.9654 | Time: 2.28s
[2025-07-28 11:52:49]   Epoch 280/600 | Train Loss: 0.1038 | Val MAPE: 11.96% | Val R²: 0.9651 | Time: 1.45s
[2025-07-28 11:53:04]   Epoch 290/600 | Train Loss: 0.1032 | Val MAPE: 11.55% | Val R²: 0.9629 | Time: 1.53s
[2025-07-28 11:53:20]   Epoch 300/600 | Train Loss: 0.1052 | Val MAPE: 11.80% | Val R²: 0.9626 | Time: 1.67s
[2025-07-28 11:53:36]   Epoch 310/600 | Train Loss: 0.1040 | Val MAPE: 12.05% | Val R²: 0.9678 | Time: 1.52s
[2025-07-28 11:53:52]   Epoch 320/600 | Train Loss: 0.1028 | Val MAPE: 11.84% | Val R²: 0.9668 | Time: 1.52s
[2025-07-28 11:54:08]   Epoch 330/600 | Train Loss: 0.1027 | Val MAPE: 11.11% | Val R²: 0.9611 | Time: 1.51s
[2025-07-28 11:54:25]   Epoch 340/600 | Train Loss: 0.1026 | Val MAPE: 11.89% | Val R²: 0.9573 | Time: 2.08s
[2025-07-28 11:54:44]   Epoch 350/600 | Train Loss: 0.1022 | Val MAPE: 12.19% | Val R²: 0.9636 | Time: 1.83s
[2025-07-28 11:55:01]   Epoch 360/600 | Train Loss: 0.1037 | Val MAPE: 11.34% | Val R²: 0.9682 | Time: 1.51s
[2025-07-28 11:55:16]   Epoch 370/600 | Train Loss: 0.1024 | Val MAPE: 11.81% | Val R²: 0.9634 | Time: 1.53s
[2025-07-28 11:55:32]   Epoch 380/600 | Train Loss: 0.1031 | Val MAPE: 11.87% | Val R²: 0.9559 | Time: 1.52s
[2025-07-28 11:55:41]   Early stopping at epoch 386
[2025-07-28 11:55:43]   Fold 5 Complete in 610.29 seconds
[2025-07-28 11:55:43]      Train MAPE: 12.85% | Val MAPE: 12.91%
[2025-07-28 11:55:43]      Train MAE:  0.0608 | Val MAE:  0.0630
[2025-07-28 11:55:43]      Train R²:   0.9693 | Val R²:   0.9668
[2025-07-28 11:55:43]      Epochs:     386/600
[2025-07-28 11:55:43] 
================================================================================
[2025-07-28 11:55:43] 📊 L40s NEURAL NETWORK CROSS VALIDATION SUMMARY
[2025-07-28 11:55:43] ================================================================================
[2025-07-28 11:55:43] Backend Used: PyTorch (L40s GPU)
[2025-07-28 11:55:43] Average Train MAPE: 10.32%
[2025-07-28 11:55:43] Average Val MAPE:   10.40% ± 1.30%
[2025-07-28 11:55:43] Average Train MAE:  0.0569
[2025-07-28 11:55:43] Average Val MAE:    0.0578 ± 0.0034
[2025-07-28 11:55:43] Average Train R²:   0.9713
[2025-07-28 11:55:43] Average Val R²:     0.9701 ± 0.0065
[2025-07-28 11:55:43] Average Training Time per Fold: 474.57 seconds
[2025-07-28 11:55:43] Total Training Time: 2372.84 seconds (39.55 minutes)
[2025-07-28 11:55:43] 
Detailed L40s Results by Fold:
[2025-07-28 11:55:43] Fold Train MAPE  Val MAPE  Train R² Val R²  Epochs  Time(s) 
[2025-07-28 11:55:43] ----------------------------------------------------------------------
[2025-07-28 11:55:43] 1    10.18       10.27     0.9699   0.9796  229     419.53  
[2025-07-28 11:55:43] 2    9.42        9.67      0.9731   0.9610  287     468.53  
[2025-07-28 11:55:43] 3    9.90        9.94      0.9718   0.9680  235     375.12  
[2025-07-28 11:55:43] 4    9.24        9.21      0.9726   0.9750  309     499.36  
[2025-07-28 11:55:43] 5    12.85       12.91     0.9693   0.9668  386     610.29  
[2025-07-28 11:55:43] 
🎉 L40s Training Complete!
[2025-07-28 11:55:43] 📈 Best performing fold: Fold 4 (Val MAPE: 9.21%)
[2025-07-28 11:55:43] Results saved to training_results.csv
[2025-07-28 11:55:43] Best model saved to best_model.pth
[2025-07-28 11:55:43] Creating L40s neural network evaluation plots...
[2025-07-28 11:55:43] Collecting predictions for visualization...
/scratch/pioneer/jobs/job.2713029.pioneer/nn_l40s_training_gpu_2713029/python.py:631: UserWarning: Glyph 128640 (\N{ROCKET}) missing from font(s) DejaVu Sans Mono.
  plt.tight_layout()
/scratch/pioneer/jobs/job.2713029.pioneer/nn_l40s_training_gpu_2713029/python.py:631: UserWarning: Glyph 128202 (\N{BAR CHART}) missing from font(s) DejaVu Sans Mono.
  plt.tight_layout()
/scratch/pioneer/jobs/job.2713029.pioneer/nn_l40s_training_gpu_2713029/python.py:631: UserWarning: Glyph 9201 (\N{STOPWATCH}) missing from font(s) DejaVu Sans Mono.
  plt.tight_layout()
/scratch/pioneer/jobs/job.2713029.pioneer/nn_l40s_training_gpu_2713029/python.py:631: UserWarning: Glyph 65039 (\N{VARIATION SELECTOR-16}) missing from font(s) DejaVu Sans Mono.
  plt.tight_layout()
/scratch/pioneer/jobs/job.2713029.pioneer/nn_l40s_training_gpu_2713029/python.py:631: UserWarning: Glyph 128200 (\N{CHART WITH UPWARDS TREND}) missing from font(s) DejaVu Sans Mono.
  plt.tight_layout()
/scratch/pioneer/jobs/job.2713029.pioneer/nn_l40s_training_gpu_2713029/python.py:632: UserWarning: Glyph 128640 (\N{ROCKET}) missing from font(s) DejaVu Sans Mono.
  plt.savefig('nn_l40s_training_evaluation.png', dpi=300, bbox_inches='tight')
/scratch/pioneer/jobs/job.2713029.pioneer/nn_l40s_training_gpu_2713029/python.py:632: UserWarning: Glyph 128202 (\N{BAR CHART}) missing from font(s) DejaVu Sans Mono.
  plt.savefig('nn_l40s_training_evaluation.png', dpi=300, bbox_inches='tight')
/scratch/pioneer/jobs/job.2713029.pioneer/nn_l40s_training_gpu_2713029/python.py:632: UserWarning: Glyph 9201 (\N{STOPWATCH}) missing from font(s) DejaVu Sans Mono.
  plt.savefig('nn_l40s_training_evaluation.png', dpi=300, bbox_inches='tight')
/scratch/pioneer/jobs/job.2713029.pioneer/nn_l40s_training_gpu_2713029/python.py:632: UserWarning: Glyph 65039 (\N{VARIATION SELECTOR-16}) missing from font(s) DejaVu Sans Mono.
  plt.savefig('nn_l40s_training_evaluation.png', dpi=300, bbox_inches='tight')
/scratch/pioneer/jobs/job.2713029.pioneer/nn_l40s_training_gpu_2713029/python.py:632: UserWarning: Glyph 128200 (\N{CHART WITH UPWARDS TREND}) missing from font(s) DejaVu Sans Mono.
  plt.savefig('nn_l40s_training_evaluation.png', dpi=300, bbox_inches='tight')
[2025-07-28 11:55:47] L40s evaluation plot saved to nn_l40s_training_evaluation.png
[2025-07-28 11:55:48] L40s detailed metrics plot saved to nn_l40s_detailed_metrics.png
[2025-07-28 11:55:48] 
================================================================================
[2025-07-28 11:55:48] 📊 L40s VISUALIZATION SUMMARY
[2025-07-28 11:55:48] ================================================================================
[2025-07-28 11:55:48] Generated L40s neural network evaluation plots:
[2025-07-28 11:55:48]   1. nn_l40s_training_evaluation.png - Main L40s evaluation dashboard
[2025-07-28 11:55:48]   2. nn_l40s_detailed_metrics.png - Detailed L40s metrics analysis
[2025-07-28 11:55:48] L40s GPU memory cleared
[2025-07-28 11:55:48] L40s Neural Network training completed successfully!
